  stb_image_aug.c
c:\users\zach\documents\github\mythos\mythos\_dependencies\soil\simple opengl image library\src\stb_image_aug.c(177): error C4996: 'fopen': This function or variable may be unsafe. Consider using fopen_s instead. To disable deprecation, use _CRT_SECURE_NO_WARNINGS. See online help for details.
  c:\program files (x86)\windows kits\10\include\10.0.10240.0\ucrt\stdio.h(205): note: see declaration of 'fopen'
c:\users\zach\documents\github\mythos\mythos\_dependencies\soil\simple opengl image library\src\stb_image_aug.c(251): error C4996: 'fopen': This function or variable may be unsafe. Consider using fopen_s instead. To disable deprecation, use _CRT_SECURE_NO_WARNINGS. See online help for details.
  c:\program files (x86)\windows kits\10\include\10.0.10240.0\ucrt\stdio.h(205): note: see declaration of 'fopen'
c:\users\zach\documents\github\mythos\mythos\_dependencies\soil\simple opengl image library\src\stb_image_aug.c(303): error C4996: 'fopen': This function or variable may be unsafe. Consider using fopen_s instead. To disable deprecation, use _CRT_SECURE_NO_WARNINGS. See online help for details.
  c:\program files (x86)\windows kits\10\include\10.0.10240.0\ucrt\stdio.h(205): note: see declaration of 'fopen'
c:\users\zach\documents\github\mythos\mythos\_dependencies\soil\simple opengl image library\src\stb_image_aug.c(1557): error C4996: 'fopen': This function or variable may be unsafe. Consider using fopen_s instead. To disable deprecation, use _CRT_SECURE_NO_WARNINGS. See online help for details.
  c:\program files (x86)\windows kits\10\include\10.0.10240.0\ucrt\stdio.h(205): note: see declaration of 'fopen'
c:\users\zach\documents\github\mythos\mythos\_dependencies\soil\simple opengl image library\src\stb_image_aug.c(2394): error C4996: 'fopen': This function or variable may be unsafe. Consider using fopen_s instead. To disable deprecation, use _CRT_SECURE_NO_WARNINGS. See online help for details.
  c:\program files (x86)\windows kits\10\include\10.0.10240.0\ucrt\stdio.h(205): note: see declaration of 'fopen'
c:\users\zach\documents\github\mythos\mythos\_dependencies\soil\simple opengl image library\src\stb_image_aug.c(2709): error C4996: 'fopen': This function or variable may be unsafe. Consider using fopen_s instead. To disable deprecation, use _CRT_SECURE_NO_WARNINGS. See online help for details.
  c:\program files (x86)\windows kits\10\include\10.0.10240.0\ucrt\stdio.h(205): note: see declaration of 'fopen'
c:\users\zach\documents\github\mythos\mythos\_dependencies\soil\simple opengl image library\src\stb_image_aug.c(2995): error C4996: 'fopen': This function or variable may be unsafe. Consider using fopen_s instead. To disable deprecation, use _CRT_SECURE_NO_WARNINGS. See online help for details.
  c:\program files (x86)\windows kits\10\include\10.0.10240.0\ucrt\stdio.h(205): note: see declaration of 'fopen'
c:\users\zach\documents\github\mythos\mythos\_dependencies\soil\simple opengl image library\src\stb_image_aug.c(3209): error C4996: 'fopen': This function or variable may be unsafe. Consider using fopen_s instead. To disable deprecation, use _CRT_SECURE_NO_WARNINGS. See online help for details.
  c:\program files (x86)\windows kits\10\include\10.0.10240.0\ucrt\stdio.h(205): note: see declaration of 'fopen'
c:\users\zach\documents\github\mythos\mythos\_dependencies\soil\simple opengl image library\src\stb_image_aug.c(3548): error C4996: 'fopen': This function or variable may be unsafe. Consider using fopen_s instead. To disable deprecation, use _CRT_SECURE_NO_WARNINGS. See online help for details.
  c:\program files (x86)\windows kits\10\include\10.0.10240.0\ucrt\stdio.h(205): note: see declaration of 'fopen'
c:\users\zach\documents\github\mythos\mythos\_dependencies\soil\simple opengl image library\src\stb_image_aug.c(3644): error C4996: 'fopen': This function or variable may be unsafe. Consider using fopen_s instead. To disable deprecation, use _CRT_SECURE_NO_WARNINGS. See online help for details.
  c:\program files (x86)\windows kits\10\include\10.0.10240.0\ucrt\stdio.h(205): note: see declaration of 'fopen'
c:\users\zach\documents\github\mythos\mythos\_dependencies\soil\simple opengl image library\src\stbi_dds_aug_c.h(362): warning C4018: '>': signed/unsigned mismatch
c:\users\zach\documents\github\mythos\mythos\_dependencies\soil\simple opengl image library\src\stbi_dds_aug_c.h(366): warning C4018: '>': signed/unsigned mismatch
c:\users\zach\documents\github\mythos\mythos\_dependencies\soil\simple opengl image library\src\stbi_dds_aug_c.h(390): warning C4018: '<': signed/unsigned mismatch
c:\users\zach\documents\github\mythos\mythos\_dependencies\soil\simple opengl image library\src\stbi_dds_aug_c.h(427): warning C4018: '<': signed/unsigned mismatch
c:\users\zach\documents\github\mythos\mythos\_dependencies\soil\simple opengl image library\src\stbi_dds_aug_c.h(498): error C4996: 'fopen': This function or variable may be unsafe. Consider using fopen_s instead. To disable deprecation, use _CRT_SECURE_NO_WARNINGS. See online help for details.
  c:\program files (x86)\windows kits\10\include\10.0.10240.0\ucrt\stdio.h(205): note: see declaration of 'fopen'
  image_DXT.c
c:\users\zach\documents\github\mythos\mythos\_dependencies\soil\simple opengl image library\src\image_dxt.c(92): error C4996: 'fopen': This function or variable may be unsafe. Consider using fopen_s instead. To disable deprecation, use _CRT_SECURE_NO_WARNINGS. See online help for details.
  c:\program files (x86)\windows kits\10\include\10.0.10240.0\ucrt\stdio.h(205): note: see declaration of 'fopen'
  SOIL.c
c:\program files (x86)\windows kits\8.1\include\um\gl\gl.h(1157): error C2054: expected '(' to follow 'WINGDIAPI'
c:\program files (x86)\windows kits\8.1\include\um\gl\gl.h(1157): error C2085: 'APIENTRY': not in formal parameter list
c:\program files (x86)\windows kits\8.1\include\um\gl\gl.h(1157): error C2146: syntax error: missing ',' before identifier 'glAccum'
c:\program files (x86)\windows kits\8.1\include\um\gl\gl.h(1157): error C2143: syntax error: missing ';' before '('
c:\program files (x86)\windows kits\8.1\include\um\gl\gl.h(1157): error C2059: syntax error: ')'
c:\program files (x86)\windows kits\8.1\include\um\gl\gl.h(1158): error C2054: expected '(' to follow 'WINGDIAPI'
c:\program files (x86)\windows kits\8.1\include\um\gl\gl.h(1158): error C2085: 'APIENTRY': not in formal parameter list
c:\program files (x86)\windows kits\8.1\include\um\gl\gl.h(1158): error C2146: syntax error: missing ',' before identifier 'glAlphaFunc'
c:\program files (x86)\windows kits\8.1\include\um\gl\gl.h(1158): error C2143: syntax error: missing ';' before '('
c:\program files (x86)\windows kits\8.1\include\um\gl\gl.h(1158): error C2059: syntax error: ')'
c:\program files (x86)\windows kits\8.1\include\um\gl\gl.h(1159): error C2054: expected '(' to follow 'WINGDIAPI'
c:\program files (x86)\windows kits\8.1\include\um\gl\gl.h(1159): error C2085: 'APIENTRY': not in formal parameter list
c:\program files (x86)\windows kits\8.1\include\um\gl\gl.h(1159): error C2146: syntax error: missing ',' before identifier 'glAreTexturesResident'
c:\program files (x86)\windows kits\8.1\include\um\gl\gl.h(1159): error C2143: syntax error: missing ';' before '('
c:\program files (x86)\windows kits\8.1\include\um\gl\gl.h(1159): error C2059: syntax error: ')'
c:\program files (x86)\windows kits\8.1\include\um\gl\gl.h(1160): error C2054: expected '(' to follow 'WINGDIAPI'
c:\program files (x86)\windows kits\8.1\include\um\gl\gl.h(1160): error C2085: 'APIENTRY': not in formal parameter list
c:\program files (x86)\windows kits\8.1\include\um\gl\gl.h(1160): error C2146: syntax error: missing ',' before identifier 'glArrayElement'
c:\program files (x86)\windows kits\8.1\include\um\gl\gl.h(1160): error C2143: syntax error: missing ';' before '('
c:\program files (x86)\windows kits\8.1\include\um\gl\gl.h(1160): error C2059: syntax error: ')'
c:\program files (x86)\windows kits\8.1\include\um\gl\gl.h(1161): error C2054: expected '(' to follow 'WINGDIAPI'
c:\program files (x86)\windows kits\8.1\include\um\gl\gl.h(1161): error C2085: 'APIENTRY': not in formal parameter list
c:\program files (x86)\windows kits\8.1\include\um\gl\gl.h(1161): error C2146: syntax error: missing ',' before identifier 'glBegin'
c:\program files (x86)\windows kits\8.1\include\um\gl\gl.h(1161): error C2143: syntax error: missing ';' before '('
c:\program files (x86)\windows kits\8.1\include\um\gl\gl.h(1161): error C2059: syntax error: ')'
c:\program files (x86)\windows kits\8.1\include\um\gl\gl.h(1162): error C2054: expected '(' to follow 'WINGDIAPI'
c:\program files (x86)\windows kits\8.1\include\um\gl\gl.h(1162): error C2085: 'APIENTRY': not in formal parameter list
c:\program files (x86)\windows kits\8.1\include\um\gl\gl.h(1162): error C2146: syntax error: missing ',' before identifier 'glBindTexture'
c:\program files (x86)\windows kits\8.1\include\um\gl\gl.h(1162): error C2143: syntax error: missing ';' before '('
c:\program files (x86)\windows kits\8.1\include\um\gl\gl.h(1162): error C2059: syntax error: ')'
c:\program files (x86)\windows kits\8.1\include\um\gl\gl.h(1163): error C2054: expected '(' to follow 'WINGDIAPI'
c:\program files (x86)\windows kits\8.1\include\um\gl\gl.h(1163): error C2085: 'APIENTRY': not in formal parameter list
c:\program files (x86)\windows kits\8.1\include\um\gl\gl.h(1163): error C2146: syntax error: missing ',' before identifier 'glBitmap'
c:\program files (x86)\windows kits\8.1\include\um\gl\gl.h(1163): error C2143: syntax error: missing ';' before '('
c:\program files (x86)\windows kits\8.1\include\um\gl\gl.h(1163): error C2059: syntax error: ')'
c:\program files (x86)\windows kits\8.1\include\um\gl\gl.h(1164): error C2054: expected '(' to follow 'WINGDIAPI'
c:\program files (x86)\windows kits\8.1\include\um\gl\gl.h(1164): error C2085: 'APIENTRY': not in formal parameter list
c:\program files (x86)\windows kits\8.1\include\um\gl\gl.h(1164): error C2146: syntax error: missing ',' before identifier 'glBlendFunc'
c:\program files (x86)\windows kits\8.1\include\um\gl\gl.h(1164): error C2143: syntax error: missing ';' before '('
c:\program files (x86)\windows kits\8.1\include\um\gl\gl.h(1164): error C2059: syntax error: ')'
c:\program files (x86)\windows kits\8.1\include\um\gl\gl.h(1165): error C2054: expected '(' to follow 'WINGDIAPI'
c:\program files (x86)\windows kits\8.1\include\um\gl\gl.h(1165): error C2085: 'APIENTRY': not in formal parameter list
c:\program files (x86)\windows kits\8.1\include\um\gl\gl.h(1165): error C2146: syntax error: missing ',' before identifier 'glCallList'
c:\program files (x86)\windows kits\8.1\include\um\gl\gl.h(1165): error C2143: syntax error: missing ';' before '('
c:\program files (x86)\windows kits\8.1\include\um\gl\gl.h(1165): error C2059: syntax error: ')'
c:\program files (x86)\windows kits\8.1\include\um\gl\gl.h(1166): error C2054: expected '(' to follow 'WINGDIAPI'
c:\program files (x86)\windows kits\8.1\include\um\gl\gl.h(1166): error C2085: 'APIENTRY': not in formal parameter list
c:\program files (x86)\windows kits\8.1\include\um\gl\gl.h(1166): error C2146: syntax error: missing ',' before identifier 'glCallLists'
c:\program files (x86)\windows kits\8.1\include\um\gl\gl.h(1166): error C2143: syntax error: missing ';' before '('
c:\program files (x86)\windows kits\8.1\include\um\gl\gl.h(1166): error C2059: syntax error: ')'
c:\program files (x86)\windows kits\8.1\include\um\gl\gl.h(1167): error C2054: expected '(' to follow 'WINGDIAPI'
c:\program files (x86)\windows kits\8.1\include\um\gl\gl.h(1167): error C2085: 'APIENTRY': not in formal parameter list
c:\program files (x86)\windows kits\8.1\include\um\gl\gl.h(1167): error C2146: syntax error: missing ',' before identifier 'glClear'
c:\program files (x86)\windows kits\8.1\include\um\gl\gl.h(1167): error C2143: syntax error: missing ';' before '('
c:\program files (x86)\windows kits\8.1\include\um\gl\gl.h(1167): error C2059: syntax error: ')'
c:\program files (x86)\windows kits\8.1\include\um\gl\gl.h(1168): error C2054: expected '(' to follow 'WINGDIAPI'
c:\program files (x86)\windows kits\8.1\include\um\gl\gl.h(1168): error C2085: 'APIENTRY': not in formal parameter list
c:\program files (x86)\windows kits\8.1\include\um\gl\gl.h(1168): error C2146: syntax error: missing ',' before identifier 'glClearAccum'
c:\program files (x86)\windows kits\8.1\include\um\gl\gl.h(1168): error C2143: syntax error: missing ';' before '('
c:\program files (x86)\windows kits\8.1\include\um\gl\gl.h(1168): error C2059: syntax error: ')'
c:\program files (x86)\windows kits\8.1\include\um\gl\gl.h(1169): error C2054: expected '(' to follow 'WINGDIAPI'
c:\program files (x86)\windows kits\8.1\include\um\gl\gl.h(1169): error C2085: 'APIENTRY': not in formal parameter list
c:\program files (x86)\windows kits\8.1\include\um\gl\gl.h(1169): error C2146: syntax error: missing ',' before identifier 'glClearColor'
c:\program files (x86)\windows kits\8.1\include\um\gl\gl.h(1169): error C2143: syntax error: missing ';' before '('
c:\program files (x86)\windows kits\8.1\include\um\gl\gl.h(1169): error C2059: syntax error: ')'
c:\program files (x86)\windows kits\8.1\include\um\gl\gl.h(1170): error C2054: expected '(' to follow 'WINGDIAPI'
c:\program files (x86)\windows kits\8.1\include\um\gl\gl.h(1170): error C2085: 'APIENTRY': not in formal parameter list
c:\program files (x86)\windows kits\8.1\include\um\gl\gl.h(1170): error C2146: syntax error: missing ',' before identifier 'glClearDepth'
c:\program files (x86)\windows kits\8.1\include\um\gl\gl.h(1170): error C2143: syntax error: missing ';' before '('
c:\program files (x86)\windows kits\8.1\include\um\gl\gl.h(1170): error C2059: syntax error: ')'
c:\program files (x86)\windows kits\8.1\include\um\gl\gl.h(1171): error C2054: expected '(' to follow 'WINGDIAPI'
c:\program files (x86)\windows kits\8.1\include\um\gl\gl.h(1171): error C2085: 'APIENTRY': not in formal parameter list
c:\program files (x86)\windows kits\8.1\include\um\gl\gl.h(1171): error C2146: syntax error: missing ',' before identifier 'glClearIndex'
c:\program files (x86)\windows kits\8.1\include\um\gl\gl.h(1171): error C2143: syntax error: missing ';' before '('
c:\program files (x86)\windows kits\8.1\include\um\gl\gl.h(1171): error C2059: syntax error: ')'
c:\program files (x86)\windows kits\8.1\include\um\gl\gl.h(1172): error C2054: expected '(' to follow 'WINGDIAPI'
c:\program files (x86)\windows kits\8.1\include\um\gl\gl.h(1172): error C2085: 'APIENTRY': not in formal parameter list
c:\program files (x86)\windows kits\8.1\include\um\gl\gl.h(1172): error C2146: syntax error: missing ',' before identifier 'glClearStencil'
c:\program files (x86)\windows kits\8.1\include\um\gl\gl.h(1172): error C2143: syntax error: missing ';' before '('
c:\program files (x86)\windows kits\8.1\include\um\gl\gl.h(1172): error C2059: syntax error: ')'
c:\program files (x86)\windows kits\8.1\include\um\gl\gl.h(1173): error C2054: expected '(' to follow 'WINGDIAPI'
c:\program files (x86)\windows kits\8.1\include\um\gl\gl.h(1173): error C2085: 'APIENTRY': not in formal parameter list
c:\program files (x86)\windows kits\8.1\include\um\gl\gl.h(1173): error C2146: syntax error: missing ',' before identifier 'glClipPlane'
c:\program files (x86)\windows kits\8.1\include\um\gl\gl.h(1173): error C2143: syntax error: missing ';' before '('
c:\program files (x86)\windows kits\8.1\include\um\gl\gl.h(1173): error C2059: syntax error: ')'
c:\program files (x86)\windows kits\8.1\include\um\gl\gl.h(1174): error C2054: expected '(' to follow 'WINGDIAPI'
c:\program files (x86)\windows kits\8.1\include\um\gl\gl.h(1174): error C2085: 'APIENTRY': not in formal parameter list
c:\program files (x86)\windows kits\8.1\include\um\gl\gl.h(1174): error C2146: syntax error: missing ',' before identifier 'glColor3b'
c:\program files (x86)\windows kits\8.1\include\um\gl\gl.h(1174): error C2143: syntax error: missing ';' before '('
c:\program files (x86)\windows kits\8.1\include\um\gl\gl.h(1174): error C2059: syntax error: ')'
c:\program files (x86)\windows kits\8.1\include\um\gl\gl.h(1175): error C2054: expected '(' to follow 'WINGDIAPI'
c:\program files (x86)\windows kits\8.1\include\um\gl\gl.h(1175): error C2085: 'APIENTRY': not in formal parameter list
c:\program files (x86)\windows kits\8.1\include\um\gl\gl.h(1175): error C2146: syntax error: missing ',' before identifier 'glColor3bv'
c:\program files (x86)\windows kits\8.1\include\um\gl\gl.h(1175): error C2143: syntax error: missing ';' before '('
c:\program files (x86)\windows kits\8.1\include\um\gl\gl.h(1175): error C2059: syntax error: ')'
c:\program files (x86)\windows kits\8.1\include\um\gl\gl.h(1176): error C2054: expected '(' to follow 'WINGDIAPI'
c:\program files (x86)\windows kits\8.1\include\um\gl\gl.h(1176): error C2085: 'APIENTRY': not in formal parameter list
c:\program files (x86)\windows kits\8.1\include\um\gl\gl.h(1176): error C2146: syntax error: missing ',' before identifier 'glColor3d'
c:\program files (x86)\windows kits\8.1\include\um\gl\gl.h(1176): error C2143: syntax error: missing ';' before '('
c:\program files (x86)\windows kits\8.1\include\um\gl\gl.h(1176): error C2059: syntax error: ')'
c:\program files (x86)\windows kits\8.1\include\um\gl\gl.h(1177): error C2054: expected '(' to follow 'WINGDIAPI'
c:\program files (x86)\windows kits\8.1\include\um\gl\gl.h(1177): fatal error C1003: error count exceeds 100; stopping compilation
  Generating Code...
