c:\users\zach\documents\github\mythos\mythos\debug\vc141.pdb
c:\users\zach\documents\github\mythos\mythos\debug\vc141.idb
c:\users\zach\documents\github\mythos\mythos\debug\image_dxt.obj
c:\users\zach\documents\github\mythos\mythos\debug\image_helper.obj
c:\users\zach\documents\github\mythos\mythos\debug\soil.obj
c:\users\zach\documents\github\mythos\mythos\debug\stb_image_aug.obj
c:\users\zach\documents\github\mythos\mythos\debug\debug_string.obj
c:\users\zach\documents\github\mythos\mythos\debug\engine.obj
c:\users\zach\documents\github\mythos\mythos\debug\event.obj
c:\users\zach\documents\github\mythos\mythos\debug\texture.obj
c:\users\zach\documents\github\mythos\mythos\debug\widget.obj
c:\users\zach\documents\github\mythos\mythos\debug\main.obj
c:\users\zach\documents\github\mythos\mythos\debug\mythos.exe
c:\users\zach\documents\github\mythos\mythos\debug\mythos.ilk
c:\users\zach\documents\github\mythos\mythos\debug\mythos.pdb
c:\users\zach\documents\github\mythos\mythos\debug\mythos.tlog\cl.command.1.tlog
c:\users\zach\documents\github\mythos\mythos\debug\mythos.tlog\cl.read.1.tlog
c:\users\zach\documents\github\mythos\mythos\debug\mythos.tlog\cl.write.1.tlog
c:\users\zach\documents\github\mythos\mythos\debug\mythos.tlog\link.command.1.tlog
c:\users\zach\documents\github\mythos\mythos\debug\mythos.tlog\link.read.1.tlog
c:\users\zach\documents\github\mythos\mythos\debug\mythos.tlog\link.write.1.tlog
